<!DOCTYPE html PUBLIC "-//W3C//DTD XHTML 1.1//EN" "https://www.w3.org/TR/xhtml11/DTD/xhtml11.dtd">
<html xmlns="https://www.w3.org/1999/xhtml">
<head>
<meta http-equiv="content-type" content="text/html; charset=UTF-8"/>
<title>TestNG Report</title>
<style type="text/css">table {margin-bottom:10px;border-collapse:collapse;empty-cells:show}th,td {border:1px solid #009;padding:.25em .5em}th {vertical-align:bottom}td {vertical-align:top}table a {font-weight:bold}.stripe td {background-color: #E6EBF9}.num {text-align:right}.passedodd td {background-color: #3F3}.passedeven td {background-color: #0A0}.skippedodd td {background-color: #DDD}.skippedeven td {background-color: #CCC}.failedodd td,.attn {background-color: #F33}.failedeven td,.stripe .attn {background-color: #D00}.stacktrace {white-space:pre;font-family:monospace}.totop {font-size:85%;text-align:center;border-bottom:2px solid #000}.invisible {display:none}</style>
</head>
<body>
<table>
<tr><th>Test</th><th># Passed</th><th># Skipped</th><th># Retried</th><th># Failed</th><th>Time (ms)</th><th>Included Groups</th><th>Excluded Groups</th></tr>
<tr><th colspan="8">Command line suite</th></tr>
<tr><td><a href="#t0">Command line test</a></td><td class="num">13</td><td class="num">0</td><td class="num">0</td><td class="num attn">7</td><td class="num">20,878</td><td></td><td></td></tr>
</table>
<table id='summary'><thead><tr><th>Class</th><th>Method</th><th>Start</th><th>Time (ms)</th></tr></thead><tbody><tr><th colspan="4">Command line suite</th></tr></tbody><tbody id="t0"><tr><th colspan="4">Command line test &#8212; failed</th></tr><tr class="failedeven"><td rowspan="1">Homeworks.Homework17.PageTest</td><td><a href="#m0">LMSPageTest</a></td><td rowspan="1">1635448015636</td><td rowspan="1">0</td></tr><tr class="failedodd"><td rowspan="4">Homeworks.Homework18.Guru99Test</td><td><a href="#m1">blankFieldsMessages</a></td><td rowspan="1">1635448015633</td><td rowspan="1">0</td></tr><tr class="failedodd"><td><a href="#m2">loginWithEmptyFields</a></td><td rowspan="1">1635448015634</td><td rowspan="1">0</td></tr><tr class="failedodd"><td><a href="#m3">loginWithExtraSpaces</a></td><td rowspan="1">1635448015634</td><td rowspan="1">0</td></tr><tr class="failedodd"><td><a href="#m4">loginWithInvalidUsername</a></td><td rowspan="1">1635448015635</td><td rowspan="1">0</td></tr><tr class="failedeven"><td rowspan="1">Homeworks.Homework18.PriceUaSearchSearchResultTest</td><td><a href="#m5">PriceUaSearchTest</a></td><td rowspan="1">1635448003184</td><td rowspan="1">12436</td></tr><tr class="failedodd"><td rowspan="1">Homeworks.Homework18.SauceDemoTest</td><td><a href="#m6">SauceDemoPageTest</a></td><td rowspan="1">1635448015635</td><td rowspan="1">1</td></tr><tr><th colspan="4">Command line test &#8212; passed</th></tr><tr class="passedeven"><td rowspan="6">Classwork18.CalculatorTest</td><td><a href="#m7">sumTestDateProvider</a></td><td rowspan="3">1635448021092</td><td rowspan="3">0</td></tr><tr class="passedeven"><td><a href="#m8">sumTestDateProvider</a></td></tr><tr class="passedeven"><td><a href="#m9">sumTestDateProvider</a></td></tr><tr class="passedeven"><td><a href="#m10">testSum</a></td><td rowspan="1">1635448021092</td><td rowspan="1">0</td></tr><tr class="passedeven"><td><a href="#m11">testSum1</a></td><td rowspan="1">1635448021092</td><td rowspan="1">1</td></tr><tr class="passedeven"><td><a href="#m12">testSum2</a></td><td rowspan="1">1635448021093</td><td rowspan="1">0</td></tr><tr class="passedodd"><td rowspan="2">Classwork18.EvenNumberTest</td><td><a href="#m13">evenNumberTestAssertFalse</a></td><td rowspan="1">1635448021087</td><td rowspan="1">0</td></tr><tr class="passedodd"><td><a href="#m14">evenNumberTestAssertTrue</a></td><td rowspan="1">1635448021088</td><td rowspan="1">0</td></tr><tr class="passedeven"><td rowspan="2">Classwork18.NumberInPowerTest</td><td><a href="#m15">testPowered</a></td><td rowspan="1">1635448021088</td><td rowspan="1">0</td></tr><tr class="passedeven"><td><a href="#m16">testPowered1</a></td><td rowspan="1">1635448021088</td><td rowspan="1">0</td></tr><tr class="passedodd"><td rowspan="2">Classwork18.StringReverseTest</td><td><a href="#m17">testStringReverse</a></td><td rowspan="1">1635448021093</td><td rowspan="1">0</td></tr><tr class="passedodd"><td><a href="#m18">testStringReverse1</a></td><td rowspan="1">1635448021093</td><td rowspan="1">0</td></tr><tr class="passedeven"><td rowspan="1">Classwork18.UIDemoTests.SeleniumDevTest</td><td><a href="#m19">driverActionsTest</a></td><td rowspan="1">1635448015637</td><td rowspan="1">5450</td></tr></tbody>
</table>
<h2>Command line test</h2><h3 id="m0">Homeworks.Homework17.PageTest#LMSPageTest</h3><table class="result"><tr><th>Exception</th></tr><tr><td><div class="stacktrace">java.lang.NullPointerException: Cannot invoke &quot;org.openqa.selenium.WebDriver.get(String)&quot; because &quot;this.driver&quot; is null
	at Homeworks.Homework17.PageTest.correctPageTitle(PageTest.java:26)
	at Homeworks.Homework17.PageTest.LMSPageTest(PageTest.java:18)
	at java.base/java.util.ArrayList.forEach(ArrayList.java:1511)
... Removed 37 stack frames</div></td></tr></table><p class="totop"><a href="#summary">back to summary</a></p>
<h3 id="m1">Homeworks.Homework18.Guru99Test#blankFieldsMessages</h3><table class="result"><tr><th>Exception</th></tr><tr><td><div class="stacktrace">java.lang.NullPointerException: Cannot invoke &quot;org.openqa.selenium.WebDriver.get(String)&quot; because &quot;this.driver&quot; is null
	at Homeworks.Homework18.Guru99Test.blankFieldsMessages(Guru99Test.java:20)
	at java.base/java.util.ArrayList.forEach(ArrayList.java:1511)
... Removed 37 stack frames</div></td></tr></table><p class="totop"><a href="#summary">back to summary</a></p>
<h3 id="m2">Homeworks.Homework18.Guru99Test#loginWithEmptyFields</h3><table class="result"><tr><th>Exception</th></tr><tr><td><div class="stacktrace">java.lang.NullPointerException: Cannot invoke &quot;org.openqa.selenium.WebDriver.get(String)&quot; because &quot;this.driver&quot; is null
	at Homeworks.Homework18.Guru99Test.loginWithEmptyFields(Guru99Test.java:37)
	at java.base/java.util.ArrayList.forEach(ArrayList.java:1511)
... Removed 37 stack frames</div></td></tr></table><p class="totop"><a href="#summary">back to summary</a></p>
<h3 id="m3">Homeworks.Homework18.Guru99Test#loginWithExtraSpaces</h3><table class="result"><tr><th>Exception</th></tr><tr><td><div class="stacktrace">java.lang.NullPointerException: Cannot invoke &quot;org.openqa.selenium.WebDriver.get(String)&quot; because &quot;this.driver&quot; is null
	at Homeworks.Homework18.Guru99Test.loginWithExtraSpaces(Guru99Test.java:59)
	at java.base/java.util.ArrayList.forEach(ArrayList.java:1511)
... Removed 37 stack frames</div></td></tr></table><p class="totop"><a href="#summary">back to summary</a></p>
<h3 id="m4">Homeworks.Homework18.Guru99Test#loginWithInvalidUsername</h3><table class="result"><tr><th>Exception</th></tr><tr><td><div class="stacktrace">java.lang.NullPointerException: Cannot invoke &quot;org.openqa.selenium.WebDriver.get(String)&quot; because &quot;this.driver&quot; is null
	at Homeworks.Homework18.Guru99Test.loginWithInvalidUsername(Guru99Test.java:46)
	at java.base/java.util.ArrayList.forEach(ArrayList.java:1511)
... Removed 37 stack frames</div></td></tr></table><p class="totop"><a href="#summary">back to summary</a></p>
<h3 id="m5">Homeworks.Homework18.PriceUaSearchSearchResultTest#PriceUaSearchTest</h3><table class="result"><tr><th>Exception</th></tr><tr><td><div class="stacktrace">org.openqa.selenium.NoSuchElementException: no such element: Unable to locate element: {&quot;method&quot;:&quot;css selector&quot;,&quot;selector&quot;:&quot;#title-link-4612798&quot;}
  (Session info: chrome=95.0.4638.54)
For documentation on this error, please visit: https://selenium.dev/exceptions/#no_such_element
Build info: version: &apos;4.0.0&apos;, revision: &apos;3a21814679&apos;
System info: host: &apos;MacBook-Pro-Dima.local&apos;, ip: &apos;fe80:0:0:0:88b:bf65:432e:8546%en0&apos;, os.name: &apos;Mac OS X&apos;, os.arch: &apos;aarch64&apos;, os.version: &apos;12.0.1&apos;, java.version: &apos;17&apos;
Driver info: org.openqa.selenium.chrome.ChromeDriver
Command: [75e63299940f64e2c78cc0bc69835e3d, findElement {using=css selector, value=#title-link-4612798}]
Capabilities {acceptInsecureCerts: false, browserName: chrome, browserVersion: 95.0.4638.54, chrome: {chromedriverVersion: 95.0.4638.54 (d31a821ec901f..., userDataDir: /var/folders/h2/0bb8hj3n02l...}, goog:chromeOptions: {debuggerAddress: localhost:64336}, javascriptEnabled: true, networkConnectionEnabled: false, pageLoadStrategy: normal, platform: MAC, platformName: MAC, proxy: Proxy(), se:cdp: ws://localhost:64336/devtoo..., se:cdpVersion: 95.0.4638.54, setWindowRect: true, strictFileInteractability: false, timeouts: {implicit: 0, pageLoad: 300000, script: 30000}, unhandledPromptBehavior: dismiss and notify, webauthn:extension:credBlob: true, webauthn:extension:largeBlob: true, webauthn:virtualAuthenticators: true}
Session ID: 75e63299940f64e2c78cc0bc69835e3d
	at org.openqa.selenium.remote.codec.w3c.W3CHttpResponseCodec.createException(W3CHttpResponseCodec.java:200)
	at org.openqa.selenium.remote.codec.w3c.W3CHttpResponseCodec.decode(W3CHttpResponseCodec.java:133)
	at org.openqa.selenium.remote.codec.w3c.W3CHttpResponseCodec.decode(W3CHttpResponseCodec.java:53)
	at org.openqa.selenium.remote.HttpCommandExecutor.execute(HttpCommandExecutor.java:184)
	at org.openqa.selenium.remote.service.DriverCommandExecutor.invokeExecute(DriverCommandExecutor.java:164)
	at org.openqa.selenium.remote.service.DriverCommandExecutor.execute(DriverCommandExecutor.java:139)
	at org.openqa.selenium.remote.RemoteWebDriver.execute(RemoteWebDriver.java:559)
	at org.openqa.selenium.remote.ElementLocation$ElementFinder$2.findElement(ElementLocation.java:162)
	at org.openqa.selenium.remote.ElementLocation.findElement(ElementLocation.java:60)
	at org.openqa.selenium.remote.RemoteWebDriver.findElement(RemoteWebDriver.java:383)
	at org.openqa.selenium.remote.RemoteWebDriver.findElement(RemoteWebDriver.java:375)
	at Homeworks.Homework18.PriceUaSearchSearchResultTest.PriceUaSearchTest(PriceUaSearchSearchResultTest.java:20)
	at java.base/java.util.ArrayList.forEach(ArrayList.java:1511)
... Removed 42 stack frames</div></td></tr></table><p class="totop"><a href="#summary">back to summary</a></p>
<h3 id="m6">Homeworks.Homework18.SauceDemoTest#SauceDemoPageTest</h3><table class="result"><tr><th>Exception</th></tr><tr><td><div class="stacktrace">java.lang.NullPointerException: Cannot invoke &quot;org.openqa.selenium.WebDriver.get(String)&quot; because &quot;this.driver&quot; is null
	at Homeworks.Homework18.SauceDemoTest.SauceDemoPageTest(SauceDemoTest.java:19)
	at java.base/java.util.ArrayList.forEach(ArrayList.java:1511)
... Removed 37 stack frames</div></td></tr></table><p class="totop"><a href="#summary">back to summary</a></p>
<h3 id="m7">Classwork18.CalculatorTest#sumTestDateProvider</h3><table class="result"><tr class="param"><th>Parameter #1</th><th>Parameter #2</th><th>Parameter #3</th></tr><tr class="param stripe"><td>0</td><td>5</td><td>5</td></tr></table><p class="totop"><a href="#summary">back to summary</a></p>
<h3 id="m8">Classwork18.CalculatorTest#sumTestDateProvider</h3><table class="result"><tr class="param"><th>Parameter #1</th><th>Parameter #2</th><th>Parameter #3</th></tr><tr class="param stripe"><td>-1</td><td>5</td><td>4</td></tr></table><p class="totop"><a href="#summary">back to summary</a></p>
<h3 id="m9">Classwork18.CalculatorTest#sumTestDateProvider</h3><table class="result"><tr class="param"><th>Parameter #1</th><th>Parameter #2</th><th>Parameter #3</th></tr><tr class="param stripe"><td>3</td><td>5</td><td>8</td></tr></table><p class="totop"><a href="#summary">back to summary</a></p>
<h3 id="m10">Classwork18.CalculatorTest#testSum</h3><table class="result"><tr><th class="invisible"/></tr></table><p class="totop"><a href="#summary">back to summary</a></p>
<h3 id="m11">Classwork18.CalculatorTest#testSum1</h3><table class="result"><tr><th class="invisible"/></tr></table><p class="totop"><a href="#summary">back to summary</a></p>
<h3 id="m12">Classwork18.CalculatorTest#testSum2</h3><table class="result"><tr><th class="invisible"/></tr></table><p class="totop"><a href="#summary">back to summary</a></p>
<h3 id="m13">Classwork18.EvenNumberTest#evenNumberTestAssertFalse</h3><table class="result"><tr><th class="invisible"/></tr></table><p class="totop"><a href="#summary">back to summary</a></p>
<h3 id="m14">Classwork18.EvenNumberTest#evenNumberTestAssertTrue</h3><table class="result"><tr><th class="invisible"/></tr></table><p class="totop"><a href="#summary">back to summary</a></p>
<h3 id="m15">Classwork18.NumberInPowerTest#testPowered</h3><table class="result"><tr><th class="invisible"/></tr></table><p class="totop"><a href="#summary">back to summary</a></p>
<h3 id="m16">Classwork18.NumberInPowerTest#testPowered1</h3><table class="result"><tr><th class="invisible"/></tr></table><p class="totop"><a href="#summary">back to summary</a></p>
<h3 id="m17">Classwork18.StringReverseTest#testStringReverse</h3><table class="result"><tr><th class="invisible"/></tr></table><p class="totop"><a href="#summary">back to summary</a></p>
<h3 id="m18">Classwork18.StringReverseTest#testStringReverse1</h3><table class="result"><tr><th class="invisible"/></tr></table><p class="totop"><a href="#summary">back to summary</a></p>
<h3 id="m19">Classwork18.UIDemoTests.SeleniumDevTest#driverActionsTest</h3><table class="result"><tr><th class="invisible"/></tr></table><p class="totop"><a href="#summary">back to summary</a></p>
</body>
</html>
